[ fromList [ ("Barb"   ,"Jack"   )
           , ("Ben"    ,"Sue"    )
           , ("Beth"   ,"Jane"   )
           , ("Bill"   ,"Harry"  )
           , ("Bob"    ,"Sam"    )
           , ("Harry"  ,"Beth"   )
           , ("Jack"   ,"Tom"    )
           , ("Jane"   ,"Richard")
           , ("Jill"   ,"Bob"    )
           , ("John"   ,"Bill"   )
           , ("Richard","Ben"    )
           , ("Sam"    ,"John"   )
           , ("Sue"    ,"Barb"   )
           , ("Tom"    ,"Jill"   )
           ]
, fromList [ ("Barb"   ,"Jane"   )
           , ("Ben"    ,"Harry"  )
           , ("Beth"   ,"Sam"    )
           , ("Bill"   ,"Tom"    )
           , ("Bob"    ,"Richard")
           , ("Harry"  ,"Jill"   )
           , ("Jack"   ,"Ben"    )
           , ("Jane"   ,"Bill"   )
           , ("Jill"   ,"Beth"   )
           , ("John"   ,"Sue"    )
           , ("Richard","John"   )
           , ("Sam"    ,"Barb"   )
           , ("Sue"    ,"Jack"   )
           , ("Tom"    ,"Bob"    )
           ]
]
